<?xml version="1.0" encoding="UTF-8" ?>
<testsuites>
 <testsuite name="account" timestamp="2018-08-02T19:03:23" hostname="localhost" time="8.051" errors="0" tests="2" skipped="0" disabled="0" failures="0">
  <testcase classname="account" name="should fail to login with bad password" time="2.282" />
  <testcase classname="account" name="should login successfully with admin account" time="3.288" />
 </testsuite>
</testsuites>