<?xml version="1.0" encoding="UTF-8" ?>
<testsuites>
 <testsuite name="administration" timestamp="2018-08-02T19:03:31" hostname="localhost" time="10.069" errors="0" tests="5" skipped="0" disabled="0" failures="0">
  <testcase classname="administration" name="should load metrics" time="1.03" />
  <testcase classname="administration" name="should load health" time="0.477" />
  <testcase classname="administration" name="should load configuration" time="1.073" />
  <testcase classname="administration" name="should load audits" time="0.683" />
  <testcase classname="administration" name="should load logs" time="2.445" />
 </testsuite>
</testsuites>